<?xml version="1.0" encoding="UTF-8"?>
<!-- Generated by org.testng.reporters.JUnitXMLReporter -->
<testsuite ignored="0" hostname="Nanda" failures="0" tests="3" name="Default test" time="1.013" errors="0" timestamp="2024-06-09T18:28:06 IST">
  <testcase classname="com.storedFunctionTesting.StoredFunctionTesting" name="test_storedFunctionExistsTC01" time="0.086"/>
  <testcase classname="com.storedFunctionTesting.StoredFunctionTesting" name="storedFunctionTestWithSQLStatementTC02" time="0.031"/>
  <testcase classname="com.storedFunctionTesting.StoredFunctionTesting" name="callmethodTC03" time="0.08"/>
</testsuite> <!-- Default test -->
